Determining if the pthread_create exist failed with the following output:
Change Dir: /home/vadim/2018/Robocup/Communication/mymodule-example/build-communication/CMakeFiles/CMakeTmp

Run Build Command:"/usr/bin/gmake" "cmTC_e0d62/fast"
/usr/bin/gmake -f CMakeFiles/cmTC_e0d62.dir/build.make CMakeFiles/cmTC_e0d62.dir/build
gmake[1]: Entering directory '/home/vadim/2018/Robocup/Communication/mymodule-example/build-communication/CMakeFiles/CMakeTmp'
Building C object CMakeFiles/cmTC_e0d62.dir/CheckSymbolExists.c.o
/usr/bin/cc    -o CMakeFiles/cmTC_e0d62.dir/CheckSymbolExists.c.o   -c /home/vadim/2018/Robocup/Communication/mymodule-example/build-communication/CMakeFiles/CMakeTmp/CheckSymbolExists.c
Linking C executable cmTC_e0d62
/usr/bin/cmake -E cmake_link_script CMakeFiles/cmTC_e0d62.dir/link.txt --verbose=1
/usr/bin/cc      -rdynamic CMakeFiles/cmTC_e0d62.dir/CheckSymbolExists.c.o  -o cmTC_e0d62 
CMakeFiles/cmTC_e0d62.dir/CheckSymbolExists.c.o: In function `main':
CheckSymbolExists.c:(.text+0x1b): undefined reference to `pthread_create'
collect2: error: ld returned 1 exit status
CMakeFiles/cmTC_e0d62.dir/build.make:97: recipe for target 'cmTC_e0d62' failed
gmake[1]: *** [cmTC_e0d62] Error 1
gmake[1]: Leaving directory '/home/vadim/2018/Robocup/Communication/mymodule-example/build-communication/CMakeFiles/CMakeTmp'
Makefile:126: recipe for target 'cmTC_e0d62/fast' failed
gmake: *** [cmTC_e0d62/fast] Error 2

File /home/vadim/2018/Robocup/Communication/mymodule-example/build-communication/CMakeFiles/CMakeTmp/CheckSymbolExists.c:
/* */
#include <pthread.h>

int main(int argc, char** argv)
{
  (void)argv;
#ifndef pthread_create
  return ((int*)(&pthread_create))[argc];
#else
  (void)argc;
  return 0;
#endif
}

Determining if the function pthread_create exists in the pthreads failed with the following output:
Change Dir: /home/vadim/2018/Robocup/Communication/mymodule-example/build-communication/CMakeFiles/CMakeTmp

Run Build Command:"/usr/bin/gmake" "cmTC_054e0/fast"
/usr/bin/gmake -f CMakeFiles/cmTC_054e0.dir/build.make CMakeFiles/cmTC_054e0.dir/build
gmake[1]: Entering directory '/home/vadim/2018/Robocup/Communication/mymodule-example/build-communication/CMakeFiles/CMakeTmp'
Building C object CMakeFiles/cmTC_054e0.dir/CheckFunctionExists.c.o
/usr/bin/cc   -DCHECK_FUNCTION_EXISTS=pthread_create   -o CMakeFiles/cmTC_054e0.dir/CheckFunctionExists.c.o   -c /usr/share/cmake-3.10/Modules/CheckFunctionExists.c
Linking C executable cmTC_054e0
/usr/bin/cmake -E cmake_link_script CMakeFiles/cmTC_054e0.dir/link.txt --verbose=1
/usr/bin/cc  -DCHECK_FUNCTION_EXISTS=pthread_create    -rdynamic CMakeFiles/cmTC_054e0.dir/CheckFunctionExists.c.o  -o cmTC_054e0 -lpthreads 
/usr/bin/ld: cannot find -lpthreads
collect2: error: ld returned 1 exit status
CMakeFiles/cmTC_054e0.dir/build.make:97: recipe for target 'cmTC_054e0' failed
gmake[1]: *** [cmTC_054e0] Error 1
gmake[1]: Leaving directory '/home/vadim/2018/Robocup/Communication/mymodule-example/build-communication/CMakeFiles/CMakeTmp'
Makefile:126: recipe for target 'cmTC_054e0/fast' failed
gmake: *** [cmTC_054e0/fast] Error 2


Determining if the pthread_create exist failed with the following output:
Change Dir: /home/vadim/2018/Robocup/Communication/module_works/build-communication/CMakeFiles/CMakeTmp

Run Build Command:"/usr/bin/gmake" "cmTC_0a93e/fast"
/usr/bin/gmake -f CMakeFiles/cmTC_0a93e.dir/build.make CMakeFiles/cmTC_0a93e.dir/build
gmake[1]: Entering directory '/home/vadim/2018/Robocup/Communication/module_works/build-communication/CMakeFiles/CMakeTmp'
Building C object CMakeFiles/cmTC_0a93e.dir/CheckSymbolExists.c.o
/usr/bin/cc    -o CMakeFiles/cmTC_0a93e.dir/CheckSymbolExists.c.o   -c /home/vadim/2018/Robocup/Communication/module_works/build-communication/CMakeFiles/CMakeTmp/CheckSymbolExists.c
Linking C executable cmTC_0a93e
/usr/bin/cmake -E cmake_link_script CMakeFiles/cmTC_0a93e.dir/link.txt --verbose=1
/usr/bin/cc      -rdynamic CMakeFiles/cmTC_0a93e.dir/CheckSymbolExists.c.o  -o cmTC_0a93e 
CMakeFiles/cmTC_0a93e.dir/CheckSymbolExists.c.o: In function `main':
CheckSymbolExists.c:(.text+0x1b): undefined reference to `pthread_create'
collect2: error: ld returned 1 exit status
CMakeFiles/cmTC_0a93e.dir/build.make:97: recipe for target 'cmTC_0a93e' failed
gmake[1]: *** [cmTC_0a93e] Error 1
gmake[1]: Leaving directory '/home/vadim/2018/Robocup/Communication/module_works/build-communication/CMakeFiles/CMakeTmp'
Makefile:126: recipe for target 'cmTC_0a93e/fast' failed
gmake: *** [cmTC_0a93e/fast] Error 2

File /home/vadim/2018/Robocup/Communication/module_works/build-communication/CMakeFiles/CMakeTmp/CheckSymbolExists.c:
/* */
#include <pthread.h>

int main(int argc, char** argv)
{
  (void)argv;
#ifndef pthread_create
  return ((int*)(&pthread_create))[argc];
#else
  (void)argc;
  return 0;
#endif
}

Determining if the function pthread_create exists in the pthreads failed with the following output:
Change Dir: /home/vadim/2018/Robocup/Communication/module_works/build-communication/CMakeFiles/CMakeTmp

Run Build Command:"/usr/bin/gmake" "cmTC_717ae/fast"
/usr/bin/gmake -f CMakeFiles/cmTC_717ae.dir/build.make CMakeFiles/cmTC_717ae.dir/build
gmake[1]: Entering directory '/home/vadim/2018/Robocup/Communication/module_works/build-communication/CMakeFiles/CMakeTmp'
Building C object CMakeFiles/cmTC_717ae.dir/CheckFunctionExists.c.o
/usr/bin/cc   -DCHECK_FUNCTION_EXISTS=pthread_create   -o CMakeFiles/cmTC_717ae.dir/CheckFunctionExists.c.o   -c /usr/share/cmake-3.10/Modules/CheckFunctionExists.c
Linking C executable cmTC_717ae
/usr/bin/cmake -E cmake_link_script CMakeFiles/cmTC_717ae.dir/link.txt --verbose=1
/usr/bin/cc  -DCHECK_FUNCTION_EXISTS=pthread_create    -rdynamic CMakeFiles/cmTC_717ae.dir/CheckFunctionExists.c.o  -o cmTC_717ae -lpthreads 
/usr/bin/ld: cannot find -lpthreads
collect2: error: ld returned 1 exit status
CMakeFiles/cmTC_717ae.dir/build.make:97: recipe for target 'cmTC_717ae' failed
gmake[1]: *** [cmTC_717ae] Error 1
gmake[1]: Leaving directory '/home/vadim/2018/Robocup/Communication/module_works/build-communication/CMakeFiles/CMakeTmp'
Makefile:126: recipe for target 'cmTC_717ae/fast' failed
gmake: *** [cmTC_717ae/fast] Error 2


